<?xml version="1.0" encoding="UTF-8"?>
<testsuite xmlns:xsi="http://www.w3.org/2001/XMLSchema-instance" xsi:schemaLocation="https://maven.apache.org/surefire/maven-surefire-plugin/xsd/surefire-test-report.xsd" name="acceptance_tests.AcceptanceTest" time="1.018" tests="10" errors="1" skipped="0" failures="0">
  <properties>
[...]
</properties>
  <testcase name="Activity is added to an uninitialized project" classname="Add activities to project" time="0.537"/>
  <testcase name="A developer is successfully added to the system" classname="Add a developer to the system" time="0.01"/>
  <testcase name="A developer is successfully being added as project leader to a project" classname="Add project leader to project" time="0.041">
    <error message="The step &quot;the developer with first name &quot;Ole&quot; and last name &quot;Smith&quot; is set as project leader for project with name &quot;Enigma Codebreaker&quot;&quot; is undefined. You can implement it using the snippet(s) below:&#10;&#10;@When(&quot;the developer with first name {string} and last name {string} is set as project leader for project with name {string}&quot;)&#10;public void theDeveloperWithFirstNameAndLastNameIsSetAsProjectLeaderForProjectWithName(String string, String string2, String string3) {&#10;    // Write code here that turns the phrase above into concrete actions&#10;    throw new io.cucumber.java.PendingException();&#10;}&#10;&#10;&#10;Some other steps were also undefined:&#10;&#10;@Then(&quot;the project with name {string} has the developer with first name {string} and last name {string} as project leader&quot;)&#10;public void theProjectWithNameHasTheDeveloperWithFirstNameAndLastNameAsProjectLeader(String string, String string2, String string3) {&#10;    // Write code here that turns the phrase above into concrete actions&#10;    throw new io.cucumber.java.PendingException();&#10;}&#10;" type="io.cucumber.junit.UndefinedStepException">io.cucumber.junit.UndefinedStepException: 
The step "the developer with first name "Ole" and last name "Smith" is set as project leader for project with name "Enigma Codebreaker"" is undefined. You can implement it using the snippet(s) below:

@When("the developer with first name {string} and last name {string} is set as project leader for project with name {string}")
public void theDeveloperWithFirstNameAndLastNameIsSetAsProjectLeaderForProjectWithName(String string, String string2, String string3) {
    // Write code here that turns the phrase above into concrete actions
    throw new io.cucumber.java.PendingException();
}


Some other steps were also undefined:

@Then("the project with name {string} has the developer with first name {string} and last name {string} as project leader")
public void theProjectWithNameHasTheDeveloperWithFirstNameAndLastNameAsProjectLeader(String string, String string2, String string3) {
    // Write code here that turns the phrase above into concrete actions
    throw new io.cucumber.java.PendingException();
}

</error>
    <system-out><![CDATA[
Scenario: A developer is successfully being added as project leader to a project                                                     # use_cases/addProjectLeaderToProject.feature:13
  Given A project with name "Enigma Codebreaker" is created                                                                          # acceptance_tests.steps.SystemSteps.aProjectWithNameIsCreated(java.lang.String)
  When The project is added to the system                                                                                            # acceptance_tests.steps.SystemSteps.theProjectIsAddedToTheSystem()
  Then There is a project in the system with name "Enigma Codebreaker"                                                               # acceptance_tests.steps.SystemSteps.thereIsAProjectInTheSystemWithName(java.lang.String)
  Given The following developers are registered in the system                                                                        # acceptance_tests.steps.SystemSteps.theFollowingDeveloperSIsAreRegisteredInTheSystem(java.util.List<java.util.List<java.lang.String>>)
  When the developer with first name "Ole" and last name "Smith" is set as project leader for project with name "Enigma Codebreaker" # null
  Then the project with name "Enigma Codebreaker" has the developer with first name "Ole" and last name "Smith" as project leader    # null
]]></system-out>
  </testcase>
  <testcase name="The project start date is set" classname="Change Interval date" time="0.006"/>
  <testcase name="The project end date is set" classname="Change Interval date" time="0.005"/>
  <testcase name="A developer creates a project" classname="Create a project" time="0.007"/>
  <testcase name="The project ID fits the current date" classname="Create a project" time="0.005"/>
  <testcase name="A project is initialized" classname="someone initializes a project" time="0.006"/>
  <testcase name="A developer is set as the active developer" classname="the active developer is chosen" time="0.004"/>
  <testcase name="the active developer is set as null" classname="the active developer is chosen" time="0.002"/>
</testsuite>