<?xml version="1.0" encoding="UTF-8"?>
<testsuite xmlns:xsi="http://www.w3.org/2001/XMLSchema-instance" xsi:schemaLocation="https://maven.apache.org/surefire/maven-surefire-plugin/xsd/surefire-test-report.xsd" name="acceptance_tests.AcceptanceTest" time="1.249" tests="3" errors="1" skipped="0" failures="0">
  <properties>
[...]
</properties>
  <testcase name="A developer is succesfully added to the system" classname="Add a developer to the system" time="0.908"/>
  <testcase name="A developer creates a project" classname="Create a project" time="0.008"/>
  <testcase name="A project is initialized" classname="someone initializes a project" time="0.011">
    <error type="java.lang.NullPointerException">java.lang.NullPointerException
</error>
    <system-out><![CDATA[
Scenario: A project is initialized                            # use_cases/initializeProject.feature:14
  Given A project is created                                  # acceptance_tests.steps.ProjectSteps.aProjectIsCreated()
  When The project is added to the system                     # acceptance_tests.steps.SystemSteps.theProjectIsAddedToTheSystem()
      java.lang.NullPointerException
	at System.App.registerProject(App.java:34)
	at acceptance_tests.steps.SystemSteps.theProjectIsAddedToTheSystem(SystemSteps.java:58)
	at ?.The project is added to the system(file:///C:/Users/Loui/IdeaProjects/SoftwareEngineering/use_cases/initializeProject.feature:8)

  Then There is a project in the system                       # acceptance_tests.steps.ProjectSteps.thereIsAProjectInTheSystem()
  Given The following developers are registered in the system # acceptance_tests.steps.SystemSteps.theFollowingDeveloperSIsAreRegisteredInTheSystem(java.util.List<java.util.List<java.lang.String>>)
  Given The project has not been initialized                  # acceptance_tests.steps.ProjectSteps.theProjectHasNotBeenInitialized()
  When The project is initialized by the user                 # acceptance_tests.steps.ProjectSteps.theProjectIsInitializedByTheUser()
  Then The project is initialized                             # acceptance_tests.steps.ProjectSteps.theProjectIsInitialized()
]]></system-out>
  </testcase>
</testsuite>